[2021-03-13 19:56:06,705][kospeech.utils][INFO] - audio:
  audio_extension: pcm
  sample_rate: 16000
  frame_length: 20
  frame_shift: 10
  normalize: true
  del_silence: true
  feature_extract_by: kaldi
  time_mask_num: 4
  freq_mask_num: 2
  spec_augment: true
  input_reverse: false
  transform_method: fbank
  n_mels: 80
  freq_mask_para: 18
audio_extension: pcm
transform_method: fbank
sample_rate: 16000
frame_length: 20
frame_shift: 10
n_mels: 80
normalize: true
del_silence: true
feature_extract_by: kaldi
freq_mask_para: 18
time_mask_num: 4
freq_mask_num: 2
spec_augment: true
input_reverse: false
model:
  architecture: deepspeech2
  teacher_forcing_ratio: 1.0
  teacher_forcing_step: 0.01
  min_teacher_forcing_ratio: 0.9
  dropout: 0.3
  bidirectional: false
  joint_ctc_attention: false
  max_len: 400
  use_bidirectional: true
  rnn_type: gru
  hidden_dim: 1024
  activation: hardtanh
  num_encoder_layers: 3
architecture: deepspeech2
use_bidirectional: true
hidden_dim: 1024
dropout: 0.3
num_encoder_layers: 3
rnn_type: gru
max_len: 400
activation: hardtanh
teacher_forcing_ratio: 1.0
teacher_forcing_step: 0.0
min_teacher_forcing_ratio: 1.0
joint_ctc_attention: false
train:
  dataset: kspon
  dataset_path: /content/drive/My Drive/projectk/project-3epoch-sift/KoSpeech/dataset/kspon/KsponSpeech_01
  transcripts_path: ../../../data/transcripts.txt
  output_unit: character
  batch_size: 32
  save_result_every: 1000
  checkpoint_every: 5000
  print_every: 20
  mode: train
  num_workers: 4
  use_cuda: true
  init_lr_scale: 0.01
  final_lr_scale: 0.05
  max_grad_norm: 400
  weight_decay: 1.0e-05
  seed: 777
  resume: false
  optimizer: adam
  init_lr: 1.0e-06
  final_lr: 1.0e-06
  peak_lr: 0.0001
  warmup_steps: 1000
  num_epochs: 3
  reduction: mean
  lr_scheduler: tri_stage_lr_scheduler
dataset: kspon
dataset_path: ''
transcripts_path: ../../../data/transcripts.txt
output_unit: character
num_epochs: 3
batch_size: 32
save_result_every: 1000
checkpoint_every: 5000
print_every: 20
mode: train
seed: 777
resume: false
num_workers: 4
use_cuda: true
optimizer: adam
init_lr: 1.0e-06
final_lr: 1.0e-06
peak_lr: 0.0001
init_lr_scale: 0.01
final_lr_scale: 0.05
max_grad_norm: 400
warmup_steps: 400
weight_decay: 1.0e-05
reduction: mean

[2021-03-13 19:56:06,733][kospeech.utils][INFO] - Operating System : Linux 4.19.112+
[2021-03-13 19:56:06,733][kospeech.utils][INFO] - Processor : x86_64
[2021-03-13 19:56:06,735][kospeech.utils][INFO] - device : Tesla P100-PCIE-16GB
[2021-03-13 19:56:06,735][kospeech.utils][INFO] - CUDA is available : True
[2021-03-13 19:56:06,735][kospeech.utils][INFO] - CUDA version : 10.2
[2021-03-13 19:56:06,735][kospeech.utils][INFO] - PyTorch version : 1.6.0
[2021-03-13 19:56:07,215][kospeech.utils][INFO] - split dataset start !!
[2021-03-13 19:56:08,722][kospeech.utils][INFO] - Applying Spec Augmentation...
[2021-03-13 19:56:08,743][kospeech.utils][INFO] - Applying Spec Augmentation...
[2021-03-13 19:56:08,764][kospeech.utils][INFO] - Applying Spec Augmentation...
[2021-03-13 19:56:08,785][kospeech.utils][INFO] - Applying Spec Augmentation...
[2021-03-13 19:56:08,803][kospeech.utils][INFO] - split dataset complete !!
[2021-03-13 19:56:11,181][kospeech.utils][INFO] - start
[2021-03-13 19:56:11,181][kospeech.utils][INFO] - Epoch 0 start
[2021-03-13 19:59:06,304][kospeech.utils][INFO] - step:   20/1874, loss: 28.633709, cer: 6.86, elapsed: 174.98s 2.92m 0.05h, lr: 0.000002
[2021-03-13 20:00:20,550][kospeech.utils][INFO] - step:   40/1874, loss: 8.248762, cer: 3.99, elapsed: 74.25s 4.15m 0.07h, lr: 0.000004
[2021-03-13 20:01:31,079][kospeech.utils][INFO] - step:   60/1874, loss: 8.016732, cer: 3.00, elapsed: 70.53s 5.33m 0.09h, lr: 0.000006
[2021-03-13 20:02:43,008][kospeech.utils][INFO] - step:   80/1874, loss: 6.707226, cer: 2.52, elapsed: 71.93s 6.53m 0.11h, lr: 0.000008
[2021-03-13 20:03:56,486][kospeech.utils][INFO] - step:  100/1874, loss: 6.020971, cer: 2.20, elapsed: 73.48s 7.75m 0.13h, lr: 0.000010
[2021-03-13 20:05:05,932][kospeech.utils][INFO] - step:  120/1874, loss: 5.459756, cer: 2.01, elapsed: 69.44s 8.91m 0.15h, lr: 0.000012
[2021-03-13 20:06:15,129][kospeech.utils][INFO] - step:  140/1874, loss: 5.138740, cer: 1.87, elapsed: 69.20s 10.06m 0.17h, lr: 0.000014
[2021-03-13 20:07:23,397][kospeech.utils][INFO] - step:  160/1874, loss: 4.866809, cer: 1.76, elapsed: 68.27s 11.20m 0.19h, lr: 0.000016
[2021-03-13 20:08:30,523][kospeech.utils][INFO] - step:  180/1874, loss: 4.715023, cer: 1.68, elapsed: 67.13s 12.32m 0.21h, lr: 0.000018
[2021-03-13 20:09:38,376][kospeech.utils][INFO] - step:  200/1874, loss: 4.664261, cer: 1.61, elapsed: 67.85s 13.45m 0.22h, lr: 0.000020
[2021-03-13 20:10:45,512][kospeech.utils][INFO] - step:  220/1874, loss: 4.537117, cer: 1.56, elapsed: 67.13s 14.57m 0.24h, lr: 0.000022
[2021-03-13 20:11:48,268][kospeech.utils][INFO] - step:  240/1874, loss: 4.636594, cer: 1.51, elapsed: 62.76s 15.62m 0.26h, lr: 0.000024
[2021-03-13 20:12:50,029][kospeech.utils][INFO] - step:  260/1874, loss: 4.457706, cer: 1.47, elapsed: 61.76s 16.65m 0.28h, lr: 0.000026
[2021-03-13 20:13:53,980][kospeech.utils][INFO] - step:  280/1874, loss: 4.397442, cer: 1.44, elapsed: 63.95s 17.71m 0.30h, lr: 0.000028
[2021-03-13 20:14:57,979][kospeech.utils][INFO] - step:  300/1874, loss: 4.424311, cer: 1.41, elapsed: 64.00s 18.78m 0.31h, lr: 0.000030
[2021-03-13 20:16:01,504][kospeech.utils][INFO] - step:  320/1874, loss: 4.373367, cer: 1.38, elapsed: 63.52s 19.84m 0.33h, lr: 0.000032
[2021-03-13 20:17:04,190][kospeech.utils][INFO] - step:  340/1874, loss: 4.289326, cer: 1.35, elapsed: 62.69s 20.88m 0.35h, lr: 0.000034
[2021-03-13 20:18:02,074][kospeech.utils][INFO] - step:  360/1874, loss: 4.237396, cer: 1.33, elapsed: 57.88s 21.85m 0.36h, lr: 0.000036
[2021-03-13 20:19:01,651][kospeech.utils][INFO] - step:  380/1874, loss: 4.188272, cer: 1.32, elapsed: 59.58s 22.84m 0.38h, lr: 0.000038
[2021-03-13 20:20:04,998][kospeech.utils][INFO] - step:  400/1874, loss: 4.273440, cer: 1.30, elapsed: 63.35s 23.89m 0.40h, lr: 0.000040
[2021-03-13 20:21:04,564][kospeech.utils][INFO] - step:  420/1874, loss: 4.146441, cer: 1.29, elapsed: 59.57s 24.89m 0.41h, lr: 0.000042
[2021-03-13 20:22:01,431][kospeech.utils][INFO] - step:  440/1874, loss: 4.294869, cer: 1.27, elapsed: 56.87s 25.84m 0.43h, lr: 0.000044
[2021-03-13 20:23:00,257][kospeech.utils][INFO] - step:  460/1874, loss: 4.150129, cer: 1.26, elapsed: 58.83s 26.82m 0.45h, lr: 0.000046
[2021-03-13 20:23:56,108][kospeech.utils][INFO] - step:  480/1874, loss: 4.194524, cer: 1.25, elapsed: 55.85s 27.75m 0.46h, lr: 0.000048
[2021-03-13 20:24:55,081][kospeech.utils][INFO] - step:  500/1874, loss: 4.163977, cer: 1.24, elapsed: 58.97s 28.73m 0.48h, lr: 0.000050
[2021-03-13 20:25:48,350][kospeech.utils][INFO] - step:  520/1874, loss: 4.012606, cer: 1.23, elapsed: 53.27s 29.62m 0.49h, lr: 0.000052
[2021-03-13 20:26:41,991][kospeech.utils][INFO] - step:  540/1874, loss: 4.000522, cer: 1.22, elapsed: 53.64s 30.51m 0.51h, lr: 0.000054
[2021-03-13 20:27:36,434][kospeech.utils][INFO] - step:  560/1874, loss: 3.975895, cer: 1.21, elapsed: 54.44s 31.42m 0.52h, lr: 0.000056
[2021-03-13 20:28:28,817][kospeech.utils][INFO] - step:  580/1874, loss: 4.033525, cer: 1.20, elapsed: 52.38s 32.29m 0.54h, lr: 0.000058
[2021-03-13 20:29:23,748][kospeech.utils][INFO] - step:  600/1874, loss: 4.008833, cer: 1.19, elapsed: 54.93s 33.21m 0.55h, lr: 0.000060
[2021-03-13 20:30:12,155][kospeech.utils][INFO] - step:  620/1874, loss: 3.919048, cer: 1.19, elapsed: 48.41s 34.01m 0.57h, lr: 0.000062
[2021-03-13 20:31:02,397][kospeech.utils][INFO] - step:  640/1874, loss: 3.939353, cer: 1.18, elapsed: 50.24s 34.85m 0.58h, lr: 0.000064
[2021-03-13 20:31:49,324][kospeech.utils][INFO] - step:  660/1874, loss: 3.989837, cer: 1.17, elapsed: 46.93s 35.63m 0.59h, lr: 0.000066
[2021-03-13 20:32:35,326][kospeech.utils][INFO] - step:  680/1874, loss: 3.727571, cer: 1.17, elapsed: 46.00s 36.40m 0.61h, lr: 0.000068
[2021-03-13 20:33:23,538][kospeech.utils][INFO] - step:  700/1874, loss: 3.784727, cer: 1.16, elapsed: 48.21s 37.20m 0.62h, lr: 0.000070
[2021-03-13 20:34:07,514][kospeech.utils][INFO] - step:  720/1874, loss: 3.754045, cer: 1.15, elapsed: 43.98s 37.94m 0.63h, lr: 0.000072
[2021-03-13 20:34:53,801][kospeech.utils][INFO] - step:  740/1874, loss: 3.817379, cer: 1.15, elapsed: 46.29s 38.71m 0.65h, lr: 0.000074
[2021-03-13 20:35:39,510][kospeech.utils][INFO] - step:  760/1874, loss: 3.632982, cer: 1.14, elapsed: 45.71s 39.47m 0.66h, lr: 0.000076
[2021-03-13 20:36:22,516][kospeech.utils][INFO] - step:  780/1874, loss: 3.692749, cer: 1.14, elapsed: 43.01s 40.19m 0.67h, lr: 0.000078
[2021-03-13 20:37:04,577][kospeech.utils][INFO] - step:  800/1874, loss: 3.793332, cer: 1.13, elapsed: 42.06s 40.89m 0.68h, lr: 0.000080
[2021-03-13 20:37:45,812][kospeech.utils][INFO] - step:  820/1874, loss: 3.660148, cer: 1.13, elapsed: 41.23s 41.57m 0.69h, lr: 0.000082
[2021-03-13 20:38:24,033][kospeech.utils][INFO] - step:  840/1874, loss: 3.637050, cer: 1.13, elapsed: 38.22s 42.21m 0.70h, lr: 0.000084
[2021-03-13 20:39:07,340][kospeech.utils][INFO] - step:  860/1874, loss: 3.425124, cer: 1.12, elapsed: 43.31s 42.93m 0.72h, lr: 0.000086
[2021-03-13 20:39:45,268][kospeech.utils][INFO] - step:  880/1874, loss: 3.654720, cer: 1.12, elapsed: 37.93s 43.57m 0.73h, lr: 0.000088
[2021-03-13 20:40:22,844][kospeech.utils][INFO] - step:  900/1874, loss: 3.464132, cer: 1.11, elapsed: 37.57s 44.19m 0.74h, lr: 0.000090
[2021-03-13 20:40:59,701][kospeech.utils][INFO] - step:  920/1874, loss: 3.725346, cer: 1.11, elapsed: 36.86s 44.81m 0.75h, lr: 0.000092
[2021-03-13 20:41:37,647][kospeech.utils][INFO] - step:  940/1874, loss: 3.639406, cer: 1.10, elapsed: 37.95s 45.44m 0.76h, lr: 0.000094
[2021-03-13 20:42:13,081][kospeech.utils][INFO] - step:  960/1874, loss: 3.545105, cer: 1.10, elapsed: 35.43s 46.03m 0.77h, lr: 0.000096
[2021-03-13 20:42:44,926][kospeech.utils][INFO] - step:  980/1874, loss: 3.429464, cer: 1.10, elapsed: 31.84s 46.56m 0.78h, lr: 0.000098
[2021-03-13 20:43:19,363][kospeech.utils][INFO] - step: 1000/1874, loss: 3.313731, cer: 1.09, elapsed: 34.44s 47.13m 0.79h, lr: 0.000100
[2021-03-13 20:43:51,116][kospeech.utils][INFO] - step: 1020/1874, loss: 3.252070, cer: 1.09, elapsed: 31.75s 47.66m 0.79h, lr: 0.000100
[2021-03-13 20:44:21,463][kospeech.utils][INFO] - step: 1040/1874, loss: 3.162326, cer: 1.08, elapsed: 30.35s 48.17m 0.80h, lr: 0.000100
[2021-03-13 20:44:54,810][kospeech.utils][INFO] - step: 1060/1874, loss: 3.385760, cer: 1.08, elapsed: 33.35s 48.72m 0.81h, lr: 0.000100
[2021-03-13 20:45:27,904][kospeech.utils][INFO] - step: 1080/1874, loss: 3.533416, cer: 1.08, elapsed: 33.09s 49.28m 0.82h, lr: 0.000100
[2021-03-13 20:46:03,283][kospeech.utils][INFO] - step: 1100/1874, loss: 3.433602, cer: 1.07, elapsed: 35.38s 49.87m 0.83h, lr: 0.000100
[2021-03-13 20:46:35,608][kospeech.utils][INFO] - step: 1120/1874, loss: 3.207494, cer: 1.07, elapsed: 32.32s 50.40m 0.84h, lr: 0.000100
[2021-03-13 20:47:09,817][kospeech.utils][INFO] - step: 1140/1874, loss: 3.205679, cer: 1.06, elapsed: 34.21s 50.97m 0.85h, lr: 0.000100
[2021-03-13 20:47:42,418][kospeech.utils][INFO] - step: 1160/1874, loss: 2.980348, cer: 1.06, elapsed: 32.60s 51.52m 0.86h, lr: 0.000100
[2021-03-13 20:48:17,072][kospeech.utils][INFO] - step: 1180/1874, loss: 3.137663, cer: 1.06, elapsed: 34.65s 52.10m 0.87h, lr: 0.000100
[2021-03-13 20:48:53,742][kospeech.utils][INFO] - step: 1200/1874, loss: 3.180919, cer: 1.05, elapsed: 36.67s 52.71m 0.88h, lr: 0.000100
[2021-03-13 20:49:36,632][kospeech.utils][INFO] - step: 1220/1874, loss: 3.058468, cer: 1.05, elapsed: 42.89s 53.42m 0.89h, lr: 0.000100
[2021-03-13 20:50:23,135][kospeech.utils][INFO] - step: 1240/1874, loss: 3.329219, cer: 1.04, elapsed: 46.50s 54.20m 0.90h, lr: 0.000100
[2021-03-13 20:51:04,417][kospeech.utils][INFO] - step: 1260/1874, loss: 2.881002, cer: 1.04, elapsed: 41.28s 54.88m 0.91h, lr: 0.000100
[2021-03-13 20:51:48,272][kospeech.utils][INFO] - step: 1280/1874, loss: 2.992240, cer: 1.04, elapsed: 43.85s 55.62m 0.93h, lr: 0.000100
[2021-03-13 20:52:27,839][kospeech.utils][INFO] - step: 1300/1874, loss: 3.092620, cer: 1.03, elapsed: 39.57s 56.28m 0.94h, lr: 0.000100
[2021-03-13 20:53:09,772][kospeech.utils][INFO] - step: 1320/1874, loss: 2.902396, cer: 1.03, elapsed: 41.93s 56.97m 0.95h, lr: 0.000100
[2021-03-13 20:53:49,612][kospeech.utils][INFO] - step: 1340/1874, loss: 3.095914, cer: 1.03, elapsed: 39.84s 57.64m 0.96h, lr: 0.000100
[2021-03-13 20:54:27,155][kospeech.utils][INFO] - step: 1360/1874, loss: 2.895127, cer: 1.02, elapsed: 37.54s 58.26m 0.97h, lr: 0.000100
[2021-03-13 20:54:59,791][kospeech.utils][INFO] - step: 1380/1874, loss: 2.862301, cer: 1.02, elapsed: 32.64s 58.81m 0.98h, lr: 0.000100
[2021-03-13 20:55:33,876][kospeech.utils][INFO] - step: 1400/1874, loss: 3.257752, cer: 1.02, elapsed: 34.08s 59.38m 0.99h, lr: 0.000100
[2021-03-13 20:56:07,032][kospeech.utils][INFO] - step: 1420/1874, loss: 2.674453, cer: 1.01, elapsed: 33.15s 59.93m 1.00h, lr: 0.000100
[2021-03-13 20:56:39,360][kospeech.utils][INFO] - step: 1440/1874, loss: 3.012442, cer: 1.01, elapsed: 32.33s 60.47m 1.01h, lr: 0.000100
[2021-03-13 20:57:11,628][kospeech.utils][INFO] - step: 1460/1874, loss: 3.048716, cer: 1.01, elapsed: 32.27s 61.01m 1.02h, lr: 0.000100
[2021-03-13 20:57:42,825][kospeech.utils][INFO] - step: 1480/1874, loss: 2.729451, cer: 1.01, elapsed: 31.20s 61.53m 1.03h, lr: 0.000100
[2021-03-13 20:58:14,056][kospeech.utils][INFO] - step: 1500/1874, loss: 2.709276, cer: 1.00, elapsed: 31.23s 62.05m 1.03h, lr: 0.000100
[2021-03-13 20:58:45,756][kospeech.utils][INFO] - step: 1520/1874, loss: 2.658844, cer: 1.00, elapsed: 31.70s 62.57m 1.04h, lr: 0.000100
[2021-03-13 20:59:17,682][kospeech.utils][INFO] - step: 1540/1874, loss: 2.757369, cer: 1.00, elapsed: 31.93s 63.11m 1.05h, lr: 0.000100
[2021-03-13 20:59:48,649][kospeech.utils][INFO] - step: 1560/1874, loss: 3.095640, cer: 0.99, elapsed: 30.97s 63.62m 1.06h, lr: 0.000100
[2021-03-13 21:00:20,437][kospeech.utils][INFO] - step: 1580/1874, loss: 2.842557, cer: 0.99, elapsed: 31.79s 64.15m 1.07h, lr: 0.000100
[2021-03-13 21:00:53,363][kospeech.utils][INFO] - step: 1600/1874, loss: 2.810984, cer: 0.99, elapsed: 32.92s 64.70m 1.08h, lr: 0.000100
[2021-03-13 21:01:25,292][kospeech.utils][INFO] - step: 1620/1874, loss: 2.770802, cer: 0.99, elapsed: 31.93s 65.23m 1.09h, lr: 0.000100
[2021-03-13 21:01:57,119][kospeech.utils][INFO] - step: 1640/1874, loss: 2.628225, cer: 0.98, elapsed: 31.83s 65.76m 1.10h, lr: 0.000100
[2021-03-13 21:02:28,162][kospeech.utils][INFO] - step: 1660/1874, loss: 2.515137, cer: 0.98, elapsed: 31.04s 66.28m 1.10h, lr: 0.000100
[2021-03-13 21:03:02,172][kospeech.utils][INFO] - step: 1680/1874, loss: 2.778793, cer: 0.98, elapsed: 34.01s 66.85m 1.11h, lr: 0.000100
[2021-03-13 21:03:33,559][kospeech.utils][INFO] - step: 1700/1874, loss: 2.534261, cer: 0.98, elapsed: 31.39s 67.37m 1.12h, lr: 0.000100
[2021-03-13 21:04:06,316][kospeech.utils][INFO] - step: 1720/1874, loss: 2.708536, cer: 0.97, elapsed: 32.76s 67.92m 1.13h, lr: 0.000100
[2021-03-13 21:04:34,899][kospeech.utils][INFO] - step: 1740/1874, loss: 2.597030, cer: 0.97, elapsed: 28.58s 68.39m 1.14h, lr: 0.000100
[2021-03-13 21:05:08,412][kospeech.utils][INFO] - step: 1760/1874, loss: 2.718074, cer: 0.97, elapsed: 33.51s 68.95m 1.15h, lr: 0.000100
[2021-03-13 21:05:42,274][kospeech.utils][INFO] - step: 1780/1874, loss: 2.663847, cer: 0.97, elapsed: 33.86s 69.52m 1.16h, lr: 0.000100
[2021-03-13 21:06:15,242][kospeech.utils][INFO] - step: 1800/1874, loss: 2.569323, cer: 0.96, elapsed: 32.97s 70.07m 1.17h, lr: 0.000100
[2021-03-13 21:06:47,773][kospeech.utils][INFO] - step: 1820/1874, loss: 2.351035, cer: 0.96, elapsed: 32.53s 70.61m 1.18h, lr: 0.000100
[2021-03-13 21:07:20,350][kospeech.utils][INFO] - step: 1840/1874, loss: 2.619059, cer: 0.96, elapsed: 32.58s 71.15m 1.19h, lr: 0.000100
[2021-03-13 21:07:52,215][kospeech.utils][INFO] - step: 1860/1874, loss: 2.696436, cer: 0.96, elapsed: 31.86s 71.68m 1.19h, lr: 0.000100
[2021-03-13 21:08:21,730][kospeech.utils][INFO] - save checkpoints
/content/drive/My Drive/projectk/project-3epoch-spect/KoSpeech/outputs/2021-03-13/19-56-06/2021_03_13_21_08_17-trainer_states.pt
/content/drive/My Drive/projectk/project-3epoch-spect/KoSpeech/outputs/2021-03-13/19-56-06/2021_03_13_21_08_17-model.pt
[2021-03-13 21:08:21,731][kospeech.utils][INFO] - train() completed
[2021-03-13 21:08:25,123][kospeech.utils][INFO] - save checkpoints
/content/drive/My Drive/projectk/project-3epoch-spect/KoSpeech/outputs/2021-03-13/19-56-06/2021_03_13_21_08_21-trainer_states.pt
/content/drive/My Drive/projectk/project-3epoch-spect/KoSpeech/outputs/2021-03-13/19-56-06/2021_03_13_21_08_21-model.pt
[2021-03-13 21:08:25,124][kospeech.utils][INFO] - Epoch 0 (Training) Loss 0.0003 CER 0.9534
[2021-03-13 21:08:25,124][kospeech.utils][INFO] - validate() start
[2021-03-13 21:24:21,648][kospeech.utils][INFO] - validate() completed
[2021-03-13 21:24:21,649][kospeech.utils][INFO] - Epoch 0 CER 0.9451
[2021-03-13 21:24:21,657][kospeech.utils][INFO] - Epoch 0 Training result saved as a csv file complete !!
[2021-03-13 21:24:21,702][kospeech.utils][INFO] - Epoch 1 start
[2021-03-13 21:24:56,640][kospeech.utils][INFO] - step:   20/1874, loss: 2.459057, cer: 0.94, elapsed: 34.80s 0.58m 1.48h, lr: 0.000100
[2021-03-13 21:25:30,406][kospeech.utils][INFO] - step:   40/1874, loss: 2.537244, cer: 0.94, elapsed: 33.77s 1.14m 1.49h, lr: 0.000100
[2021-03-13 21:26:03,246][kospeech.utils][INFO] - step:   60/1874, loss: 2.182472, cer: 0.94, elapsed: 32.84s 1.69m 1.50h, lr: 0.000100
[2021-03-13 21:26:37,194][kospeech.utils][INFO] - step:   80/1874, loss: 2.633039, cer: 0.94, elapsed: 33.95s 2.26m 1.51h, lr: 0.000100
[2021-03-13 21:27:09,714][kospeech.utils][INFO] - step:  100/1874, loss: 2.291848, cer: 0.93, elapsed: 32.52s 2.80m 1.52h, lr: 0.000100
[2021-03-13 21:27:40,192][kospeech.utils][INFO] - step:  120/1874, loss: 2.587844, cer: 0.93, elapsed: 30.48s 3.31m 1.52h, lr: 0.000100
[2021-03-13 21:28:13,657][kospeech.utils][INFO] - step:  140/1874, loss: 2.358844, cer: 0.93, elapsed: 33.46s 3.86m 1.53h, lr: 0.000100
[2021-03-13 21:28:45,006][kospeech.utils][INFO] - step:  160/1874, loss: 2.385577, cer: 0.93, elapsed: 31.35s 4.39m 1.54h, lr: 0.000100
[2021-03-13 21:29:17,667][kospeech.utils][INFO] - step:  180/1874, loss: 2.537256, cer: 0.93, elapsed: 32.66s 4.93m 1.55h, lr: 0.000100
[2021-03-13 21:29:49,168][kospeech.utils][INFO] - step:  200/1874, loss: 2.458298, cer: 0.92, elapsed: 31.50s 5.46m 1.56h, lr: 0.000100
[2021-03-13 21:30:22,653][kospeech.utils][INFO] - step:  220/1874, loss: 2.405262, cer: 0.92, elapsed: 33.48s 6.01m 1.57h, lr: 0.000100
[2021-03-13 21:30:56,225][kospeech.utils][INFO] - step:  240/1874, loss: 2.311511, cer: 0.92, elapsed: 33.57s 6.57m 1.58h, lr: 0.000100
[2021-03-13 21:31:27,679][kospeech.utils][INFO] - step:  260/1874, loss: 2.504491, cer: 0.92, elapsed: 31.45s 7.10m 1.59h, lr: 0.000100
[2021-03-13 21:31:59,018][kospeech.utils][INFO] - step:  280/1874, loss: 2.399946, cer: 0.92, elapsed: 31.34s 7.62m 1.60h, lr: 0.000100
[2021-03-13 21:32:29,658][kospeech.utils][INFO] - step:  300/1874, loss: 2.638680, cer: 0.91, elapsed: 30.64s 8.13m 1.61h, lr: 0.000100
[2021-03-13 21:32:59,739][kospeech.utils][INFO] - step:  320/1874, loss: 2.327211, cer: 0.91, elapsed: 30.08s 8.63m 1.61h, lr: 0.000100
[2021-03-13 21:33:30,973][kospeech.utils][INFO] - step:  340/1874, loss: 2.317521, cer: 0.91, elapsed: 31.23s 9.15m 1.62h, lr: 0.000100
[2021-03-13 21:34:02,331][kospeech.utils][INFO] - step:  360/1874, loss: 2.395442, cer: 0.91, elapsed: 31.36s 9.67m 1.63h, lr: 0.000100
[2021-03-13 21:34:37,167][kospeech.utils][INFO] - step:  380/1874, loss: 2.141762, cer: 0.91, elapsed: 34.84s 10.26m 1.64h, lr: 0.000100
[2021-03-13 21:35:10,832][kospeech.utils][INFO] - step:  400/1874, loss: 2.410093, cer: 0.91, elapsed: 33.66s 10.82m 1.65h, lr: 0.000100
[2021-03-13 21:35:43,491][kospeech.utils][INFO] - step:  420/1874, loss: 2.321777, cer: 0.90, elapsed: 32.66s 11.36m 1.66h, lr: 0.000100
[2021-03-13 21:36:15,789][kospeech.utils][INFO] - step:  440/1874, loss: 2.282377, cer: 0.90, elapsed: 32.30s 11.90m 1.67h, lr: 0.000100
[2021-03-13 21:36:45,422][kospeech.utils][INFO] - step:  460/1874, loss: 2.257400, cer: 0.90, elapsed: 29.63s 12.39m 1.68h, lr: 0.000100
[2021-03-13 21:37:15,621][kospeech.utils][INFO] - step:  480/1874, loss: 2.407338, cer: 0.90, elapsed: 30.20s 12.90m 1.68h, lr: 0.000100
[2021-03-13 21:37:47,038][kospeech.utils][INFO] - step:  500/1874, loss: 2.290508, cer: 0.90, elapsed: 31.42s 13.42m 1.69h, lr: 0.000100
[2021-03-13 21:38:20,059][kospeech.utils][INFO] - step:  520/1874, loss: 2.097532, cer: 0.90, elapsed: 33.02s 13.97m 1.70h, lr: 0.000100
[2021-03-13 21:38:50,663][kospeech.utils][INFO] - step:  540/1874, loss: 2.522632, cer: 0.89, elapsed: 30.60s 14.48m 1.71h, lr: 0.000100
[2021-03-13 21:39:21,706][kospeech.utils][INFO] - step:  560/1874, loss: 2.236182, cer: 0.89, elapsed: 31.04s 15.00m 1.72h, lr: 0.000100
[2021-03-13 21:39:51,874][kospeech.utils][INFO] - step:  580/1874, loss: 2.074954, cer: 0.89, elapsed: 30.17s 15.50m 1.73h, lr: 0.000100
[2021-03-13 21:40:24,715][kospeech.utils][INFO] - step:  600/1874, loss: 2.253830, cer: 0.89, elapsed: 32.84s 16.05m 1.74h, lr: 0.000100
[2021-03-13 21:40:57,670][kospeech.utils][INFO] - step:  620/1874, loss: 2.215442, cer: 0.89, elapsed: 32.95s 16.60m 1.75h, lr: 0.000100
[2021-03-13 21:41:28,960][kospeech.utils][INFO] - step:  640/1874, loss: 2.308838, cer: 0.89, elapsed: 31.29s 17.12m 1.75h, lr: 0.000100
[2021-03-13 21:41:59,787][kospeech.utils][INFO] - step:  660/1874, loss: 2.169504, cer: 0.88, elapsed: 30.83s 17.63m 1.76h, lr: 0.000100
[2021-03-13 21:42:31,638][kospeech.utils][INFO] - step:  680/1874, loss: 2.281735, cer: 0.88, elapsed: 31.85s 18.16m 1.77h, lr: 0.000100
[2021-03-13 21:43:03,823][kospeech.utils][INFO] - step:  700/1874, loss: 2.311422, cer: 0.88, elapsed: 32.18s 18.70m 1.78h, lr: 0.000100
[2021-03-13 21:43:35,563][kospeech.utils][INFO] - step:  720/1874, loss: 1.974582, cer: 0.88, elapsed: 31.74s 19.23m 1.79h, lr: 0.000100
[2021-03-13 21:44:10,414][kospeech.utils][INFO] - step:  740/1874, loss: 2.216841, cer: 0.88, elapsed: 34.85s 19.81m 1.80h, lr: 0.000100
[2021-03-13 21:44:44,375][kospeech.utils][INFO] - step:  760/1874, loss: 2.376880, cer: 0.88, elapsed: 33.96s 20.38m 1.81h, lr: 0.000100
[2021-03-13 21:45:17,672][kospeech.utils][INFO] - step:  780/1874, loss: 2.037203, cer: 0.88, elapsed: 33.30s 20.93m 1.82h, lr: 0.000100
[2021-03-13 21:45:45,864][kospeech.utils][INFO] - step:  800/1874, loss: 2.113359, cer: 0.87, elapsed: 28.19s 21.40m 1.83h, lr: 0.000100
[2021-03-13 21:46:18,064][kospeech.utils][INFO] - step:  820/1874, loss: 2.063009, cer: 0.87, elapsed: 32.20s 21.94m 1.84h, lr: 0.000100
[2021-03-13 21:46:50,584][kospeech.utils][INFO] - step:  840/1874, loss: 2.030589, cer: 0.87, elapsed: 32.52s 22.48m 1.84h, lr: 0.000100
[2021-03-13 21:47:23,415][kospeech.utils][INFO] - step:  860/1874, loss: 2.077621, cer: 0.87, elapsed: 32.83s 23.03m 1.85h, lr: 0.000100
[2021-03-13 21:47:58,772][kospeech.utils][INFO] - step:  880/1874, loss: 2.210695, cer: 0.87, elapsed: 35.36s 23.62m 1.86h, lr: 0.000100
[2021-03-13 21:48:30,325][kospeech.utils][INFO] - step:  900/1874, loss: 2.606474, cer: 0.87, elapsed: 31.55s 24.14m 1.87h, lr: 0.000100
[2021-03-13 21:49:02,171][kospeech.utils][INFO] - step:  920/1874, loss: 1.958079, cer: 0.87, elapsed: 31.84s 24.67m 1.88h, lr: 0.000100
[2021-03-13 21:49:35,704][kospeech.utils][INFO] - step:  940/1874, loss: 2.219272, cer: 0.86, elapsed: 33.53s 25.23m 1.89h, lr: 0.000100
[2021-03-13 21:50:08,799][kospeech.utils][INFO] - step:  960/1874, loss: 2.119481, cer: 0.86, elapsed: 33.10s 25.78m 1.90h, lr: 0.000100
[2021-03-13 21:50:39,069][kospeech.utils][INFO] - step:  980/1874, loss: 1.984969, cer: 0.86, elapsed: 30.27s 26.29m 1.91h, lr: 0.000100
[2021-03-13 21:51:09,240][kospeech.utils][INFO] - step: 1000/1874, loss: 2.003818, cer: 0.86, elapsed: 30.17s 26.79m 1.92h, lr: 0.000100
[2021-03-13 21:51:42,151][kospeech.utils][INFO] - step: 1020/1874, loss: 2.124264, cer: 0.86, elapsed: 32.91s 27.34m 1.93h, lr: 0.000100
[2021-03-13 21:52:15,688][kospeech.utils][INFO] - step: 1040/1874, loss: 2.076123, cer: 0.86, elapsed: 33.54s 27.90m 1.93h, lr: 0.000100
[2021-03-13 21:52:47,105][kospeech.utils][INFO] - step: 1060/1874, loss: 2.166858, cer: 0.86, elapsed: 31.42s 28.42m 1.94h, lr: 0.000100
[2021-03-13 21:53:18,165][kospeech.utils][INFO] - step: 1080/1874, loss: 1.838735, cer: 0.85, elapsed: 31.06s 28.94m 1.95h, lr: 0.000100
[2021-03-13 21:53:50,043][kospeech.utils][INFO] - step: 1100/1874, loss: 1.978995, cer: 0.85, elapsed: 31.88s 29.47m 1.96h, lr: 0.000100
[2021-03-13 21:54:21,521][kospeech.utils][INFO] - step: 1120/1874, loss: 1.697530, cer: 0.85, elapsed: 31.48s 29.99m 1.97h, lr: 0.000100
[2021-03-13 21:54:56,202][kospeech.utils][INFO] - step: 1140/1874, loss: 1.971131, cer: 0.85, elapsed: 34.68s 30.57m 1.98h, lr: 0.000100
[2021-03-13 21:55:28,405][kospeech.utils][INFO] - step: 1160/1874, loss: 2.224659, cer: 0.85, elapsed: 32.20s 31.11m 1.99h, lr: 0.000100
[2021-03-13 21:56:00,907][kospeech.utils][INFO] - step: 1180/1874, loss: 1.863936, cer: 0.85, elapsed: 32.50s 31.65m 2.00h, lr: 0.000100
[2021-03-13 21:56:31,334][kospeech.utils][INFO] - step: 1200/1874, loss: 2.256857, cer: 0.85, elapsed: 30.43s 32.16m 2.01h, lr: 0.000100
[2021-03-13 21:57:00,985][kospeech.utils][INFO] - step: 1220/1874, loss: 2.039826, cer: 0.85, elapsed: 29.65s 32.65m 2.01h, lr: 0.000100
[2021-03-13 21:57:31,568][kospeech.utils][INFO] - step: 1240/1874, loss: 1.965015, cer: 0.85, elapsed: 30.58s 33.16m 2.02h, lr: 0.000100
[2021-03-13 21:58:04,086][kospeech.utils][INFO] - step: 1260/1874, loss: 1.877199, cer: 0.84, elapsed: 32.52s 33.70m 2.03h, lr: 0.000100
[2021-03-13 21:58:34,822][kospeech.utils][INFO] - step: 1280/1874, loss: 2.092061, cer: 0.84, elapsed: 30.74s 34.22m 2.04h, lr: 0.000100
[2021-03-13 21:59:05,674][kospeech.utils][INFO] - step: 1300/1874, loss: 1.944621, cer: 0.84, elapsed: 30.85s 34.73m 2.05h, lr: 0.000100
[2021-03-13 21:59:38,949][kospeech.utils][INFO] - step: 1320/1874, loss: 2.291083, cer: 0.84, elapsed: 33.27s 35.29m 2.06h, lr: 0.000100
[2021-03-13 22:00:07,523][kospeech.utils][INFO] - step: 1340/1874, loss: 1.729456, cer: 0.84, elapsed: 28.57s 35.76m 2.07h, lr: 0.000100
[2021-03-13 22:00:41,432][kospeech.utils][INFO] - step: 1360/1874, loss: 2.130343, cer: 0.84, elapsed: 33.91s 36.33m 2.08h, lr: 0.000100
[2021-03-13 22:01:12,996][kospeech.utils][INFO] - step: 1380/1874, loss: 2.076372, cer: 0.84, elapsed: 31.56s 36.85m 2.08h, lr: 0.000100
[2021-03-13 22:01:44,941][kospeech.utils][INFO] - step: 1400/1874, loss: 1.640085, cer: 0.84, elapsed: 31.94s 37.38m 2.09h, lr: 0.000100
[2021-03-13 22:02:18,143][kospeech.utils][INFO] - step: 1420/1874, loss: 2.026854, cer: 0.83, elapsed: 33.20s 37.94m 2.10h, lr: 0.000100
[2021-03-13 22:02:51,789][kospeech.utils][INFO] - step: 1440/1874, loss: 2.039490, cer: 0.83, elapsed: 33.65s 38.50m 2.11h, lr: 0.000100
[2021-03-13 22:03:23,986][kospeech.utils][INFO] - step: 1460/1874, loss: 1.976397, cer: 0.83, elapsed: 32.20s 39.04m 2.12h, lr: 0.000100
[2021-03-13 22:03:55,731][kospeech.utils][INFO] - step: 1480/1874, loss: 2.158454, cer: 0.83, elapsed: 31.75s 39.56m 2.13h, lr: 0.000100
[2021-03-13 22:04:29,695][kospeech.utils][INFO] - step: 1500/1874, loss: 1.871584, cer: 0.83, elapsed: 33.96s 40.13m 2.14h, lr: 0.000100
[2021-03-13 22:05:04,207][kospeech.utils][INFO] - step: 1520/1874, loss: 2.162382, cer: 0.83, elapsed: 34.51s 40.71m 2.15h, lr: 0.000100
[2021-03-13 22:05:36,226][kospeech.utils][INFO] - step: 1540/1874, loss: 1.793639, cer: 0.83, elapsed: 32.02s 41.24m 2.16h, lr: 0.000100
[2021-03-13 22:06:08,295][kospeech.utils][INFO] - step: 1560/1874, loss: 2.155144, cer: 0.83, elapsed: 32.07s 41.77m 2.17h, lr: 0.000100
[2021-03-13 22:06:38,808][kospeech.utils][INFO] - step: 1580/1874, loss: 1.832010, cer: 0.83, elapsed: 30.51s 42.28m 2.17h, lr: 0.000100
[2021-03-13 22:07:16,409][kospeech.utils][INFO] - step: 1600/1874, loss: 2.006369, cer: 0.83, elapsed: 37.60s 42.91m 2.18h, lr: 0.000100
[2021-03-13 22:07:47,303][kospeech.utils][INFO] - step: 1620/1874, loss: 1.880171, cer: 0.82, elapsed: 30.89s 43.42m 2.19h, lr: 0.000100
[2021-03-13 22:08:19,285][kospeech.utils][INFO] - step: 1640/1874, loss: 1.876498, cer: 0.82, elapsed: 31.98s 43.96m 2.20h, lr: 0.000100
[2021-03-13 22:08:54,140][kospeech.utils][INFO] - step: 1660/1874, loss: 2.107891, cer: 0.82, elapsed: 34.85s 44.54m 2.21h, lr: 0.000100
[2021-03-13 22:09:25,689][kospeech.utils][INFO] - step: 1680/1874, loss: 1.854121, cer: 0.82, elapsed: 31.55s 45.06m 2.22h, lr: 0.000100
[2021-03-13 22:09:58,761][kospeech.utils][INFO] - step: 1700/1874, loss: 2.066905, cer: 0.82, elapsed: 33.07s 45.62m 2.23h, lr: 0.000100
[2021-03-13 22:10:33,341][kospeech.utils][INFO] - step: 1720/1874, loss: 1.628605, cer: 0.82, elapsed: 34.58s 46.19m 2.24h, lr: 0.000100
[2021-03-13 22:11:06,094][kospeech.utils][INFO] - step: 1740/1874, loss: 1.858775, cer: 0.82, elapsed: 32.75s 46.74m 2.25h, lr: 0.000100
[2021-03-13 22:11:38,727][kospeech.utils][INFO] - step: 1760/1874, loss: 1.955046, cer: 0.82, elapsed: 32.63s 47.28m 2.26h, lr: 0.000100
[2021-03-13 22:12:12,141][kospeech.utils][INFO] - step: 1780/1874, loss: 1.604493, cer: 0.82, elapsed: 33.41s 47.84m 2.27h, lr: 0.000100
[2021-03-13 22:12:44,063][kospeech.utils][INFO] - step: 1800/1874, loss: 1.806453, cer: 0.81, elapsed: 31.92s 48.37m 2.28h, lr: 0.000100
[2021-03-13 22:13:15,161][kospeech.utils][INFO] - step: 1820/1874, loss: 1.706427, cer: 0.81, elapsed: 31.10s 48.89m 2.28h, lr: 0.000100
[2021-03-13 22:13:45,952][kospeech.utils][INFO] - step: 1840/1874, loss: 1.996871, cer: 0.81, elapsed: 30.79s 49.40m 2.29h, lr: 0.000100
[2021-03-13 22:14:19,022][kospeech.utils][INFO] - step: 1860/1874, loss: 2.002134, cer: 0.81, elapsed: 33.07s 49.95m 2.30h, lr: 0.000100
[2021-03-13 22:14:45,357][kospeech.utils][INFO] - save checkpoints
/content/drive/My Drive/projectk/project-3epoch-spect/KoSpeech/outputs/2021-03-13/19-56-06/2021_03_13_22_14_41-trainer_states.pt
/content/drive/My Drive/projectk/project-3epoch-spect/KoSpeech/outputs/2021-03-13/19-56-06/2021_03_13_22_14_41-model.pt
[2021-03-13 22:14:45,357][kospeech.utils][INFO] - train() completed
[2021-03-13 22:14:49,313][kospeech.utils][INFO] - save checkpoints
/content/drive/My Drive/projectk/project-3epoch-spect/KoSpeech/outputs/2021-03-13/19-56-06/2021_03_13_22_14_45-trainer_states.pt
/content/drive/My Drive/projectk/project-3epoch-spect/KoSpeech/outputs/2021-03-13/19-56-06/2021_03_13_22_14_45-model.pt
[2021-03-13 22:14:49,313][kospeech.utils][INFO] - Epoch 1 (Training) Loss 0.0002 CER 0.8110
[2021-03-13 22:14:49,314][kospeech.utils][INFO] - validate() start
[2021-03-13 22:15:34,205][kospeech.utils][INFO] - validate() completed
[2021-03-13 22:15:34,205][kospeech.utils][INFO] - Epoch 1 CER 0.8072
[2021-03-13 22:15:34,236][kospeech.utils][INFO] - Epoch 1 Training result saved as a csv file complete !!
[2021-03-13 22:15:34,284][kospeech.utils][INFO] - Epoch 2 start
[2021-03-13 22:16:07,894][kospeech.utils][INFO] - step:   20/1874, loss: 1.685066, cer: 0.81, elapsed: 33.55s 0.56m 2.33h, lr: 0.000100
[2021-03-13 22:16:40,158][kospeech.utils][INFO] - step:   40/1874, loss: 1.688109, cer: 0.81, elapsed: 32.26s 1.10m 2.34h, lr: 0.000100
[2021-03-13 22:17:11,580][kospeech.utils][INFO] - step:   60/1874, loss: 1.945944, cer: 0.80, elapsed: 31.42s 1.62m 2.35h, lr: 0.000100
[2021-03-13 22:17:41,923][kospeech.utils][INFO] - step:   80/1874, loss: 1.733288, cer: 0.80, elapsed: 30.34s 2.13m 2.36h, lr: 0.000100
[2021-03-13 22:18:14,683][kospeech.utils][INFO] - step:  100/1874, loss: 1.951637, cer: 0.80, elapsed: 32.76s 2.67m 2.37h, lr: 0.000100
[2021-03-13 22:18:46,423][kospeech.utils][INFO] - step:  120/1874, loss: 1.726680, cer: 0.80, elapsed: 31.74s 3.20m 2.38h, lr: 0.000100
[2021-03-13 22:19:17,836][kospeech.utils][INFO] - step:  140/1874, loss: 1.673082, cer: 0.80, elapsed: 31.41s 3.72m 2.39h, lr: 0.000100
[2021-03-13 22:19:49,209][kospeech.utils][INFO] - step:  160/1874, loss: 1.500262, cer: 0.80, elapsed: 31.37s 4.25m 2.39h, lr: 0.000100
[2021-03-13 22:20:19,075][kospeech.utils][INFO] - step:  180/1874, loss: 1.870251, cer: 0.80, elapsed: 29.87s 4.75m 2.40h, lr: 0.000100
[2021-03-13 22:20:53,026][kospeech.utils][INFO] - step:  200/1874, loss: 1.692444, cer: 0.80, elapsed: 33.95s 5.31m 2.41h, lr: 0.000100
[2021-03-13 22:21:24,749][kospeech.utils][INFO] - step:  220/1874, loss: 1.774469, cer: 0.80, elapsed: 31.72s 5.84m 2.42h, lr: 0.000100
[2021-03-13 22:21:58,156][kospeech.utils][INFO] - step:  240/1874, loss: 1.708695, cer: 0.80, elapsed: 33.41s 6.40m 2.43h, lr: 0.000100
[2021-03-13 22:22:29,756][kospeech.utils][INFO] - step:  260/1874, loss: 1.783686, cer: 0.80, elapsed: 31.60s 6.92m 2.44h, lr: 0.000100
[2021-03-13 22:23:01,201][kospeech.utils][INFO] - step:  280/1874, loss: 1.832052, cer: 0.79, elapsed: 31.44s 7.45m 2.45h, lr: 0.000100
[2021-03-13 22:23:34,171][kospeech.utils][INFO] - step:  300/1874, loss: 1.586093, cer: 0.79, elapsed: 32.97s 8.00m 2.46h, lr: 0.000100
[2021-03-13 22:24:06,041][kospeech.utils][INFO] - step:  320/1874, loss: 1.680162, cer: 0.79, elapsed: 31.87s 8.53m 2.47h, lr: 0.000100
[2021-03-13 22:24:42,555][kospeech.utils][INFO] - step:  340/1874, loss: 1.574493, cer: 0.79, elapsed: 36.51s 9.14m 2.48h, lr: 0.000100
[2021-03-13 22:25:17,728][kospeech.utils][INFO] - step:  360/1874, loss: 1.924543, cer: 0.79, elapsed: 35.17s 9.72m 2.49h, lr: 0.000100
[2021-03-13 22:25:47,939][kospeech.utils][INFO] - step:  380/1874, loss: 1.757981, cer: 0.79, elapsed: 30.21s 10.23m 2.49h, lr: 0.000100
[2021-03-13 22:26:20,970][kospeech.utils][INFO] - step:  400/1874, loss: 1.858263, cer: 0.79, elapsed: 33.03s 10.78m 2.50h, lr: 0.000100
[2021-03-13 22:26:50,601][kospeech.utils][INFO] - step:  420/1874, loss: 1.774812, cer: 0.79, elapsed: 29.63s 11.27m 2.51h, lr: 0.000100
[2021-03-13 22:27:22,326][kospeech.utils][INFO] - step:  440/1874, loss: 1.622811, cer: 0.79, elapsed: 31.72s 11.80m 2.52h, lr: 0.000100
[2021-03-13 22:27:54,214][kospeech.utils][INFO] - step:  460/1874, loss: 1.922622, cer: 0.79, elapsed: 31.89s 12.33m 2.53h, lr: 0.000100
[2021-03-13 22:28:24,255][kospeech.utils][INFO] - step:  480/1874, loss: 1.767678, cer: 0.79, elapsed: 30.04s 12.83m 2.54h, lr: 0.000100
[2021-03-13 22:28:55,543][kospeech.utils][INFO] - step:  500/1874, loss: 1.787265, cer: 0.78, elapsed: 31.29s 13.35m 2.55h, lr: 0.000100
[2021-03-13 22:29:27,574][kospeech.utils][INFO] - step:  520/1874, loss: 1.653572, cer: 0.78, elapsed: 32.03s 13.89m 2.55h, lr: 0.000100
[2021-03-13 22:29:59,935][kospeech.utils][INFO] - step:  540/1874, loss: 1.806553, cer: 0.78, elapsed: 32.36s 14.43m 2.56h, lr: 0.000100
[2021-03-13 22:30:32,397][kospeech.utils][INFO] - step:  560/1874, loss: 1.532411, cer: 0.78, elapsed: 32.46s 14.97m 2.57h, lr: 0.000100
[2021-03-13 22:31:06,195][kospeech.utils][INFO] - step:  580/1874, loss: 1.718832, cer: 0.78, elapsed: 33.80s 15.53m 2.58h, lr: 0.000100
[2021-03-13 22:31:37,797][kospeech.utils][INFO] - step:  600/1874, loss: 1.870548, cer: 0.78, elapsed: 31.60s 16.06m 2.59h, lr: 0.000100
[2021-03-13 22:32:08,683][kospeech.utils][INFO] - step:  620/1874, loss: 1.938522, cer: 0.78, elapsed: 30.89s 16.57m 2.60h, lr: 0.000100
[2021-03-13 22:32:41,242][kospeech.utils][INFO] - step:  640/1874, loss: 1.466056, cer: 0.78, elapsed: 32.56s 17.12m 2.61h, lr: 0.000100
[2021-03-13 22:33:14,891][kospeech.utils][INFO] - step:  660/1874, loss: 1.779233, cer: 0.78, elapsed: 33.65s 17.68m 2.62h, lr: 0.000100
[2021-03-13 22:33:45,992][kospeech.utils][INFO] - step:  680/1874, loss: 1.740739, cer: 0.78, elapsed: 31.10s 18.19m 2.63h, lr: 0.000100
[2021-03-13 22:34:18,263][kospeech.utils][INFO] - step:  700/1874, loss: 1.628401, cer: 0.78, elapsed: 32.27s 18.73m 2.64h, lr: 0.000100
[2021-03-13 22:34:50,504][kospeech.utils][INFO] - step:  720/1874, loss: 1.775581, cer: 0.78, elapsed: 32.24s 19.27m 2.64h, lr: 0.000100
[2021-03-13 22:35:23,731][kospeech.utils][INFO] - step:  740/1874, loss: 1.570738, cer: 0.78, elapsed: 33.23s 19.82m 2.65h, lr: 0.000100
[2021-03-13 22:35:55,228][kospeech.utils][INFO] - step:  760/1874, loss: 1.775956, cer: 0.77, elapsed: 31.50s 20.35m 2.66h, lr: 0.000100
[2021-03-13 22:36:26,594][kospeech.utils][INFO] - step:  780/1874, loss: 1.890950, cer: 0.77, elapsed: 31.37s 20.87m 2.67h, lr: 0.000100
[2021-03-13 22:36:58,264][kospeech.utils][INFO] - step:  800/1874, loss: 1.630684, cer: 0.77, elapsed: 31.67s 21.40m 2.68h, lr: 0.000100
[2021-03-13 22:37:29,567][kospeech.utils][INFO] - step:  820/1874, loss: 1.401136, cer: 0.77, elapsed: 31.30s 21.92m 2.69h, lr: 0.000100
[2021-03-13 22:38:04,261][kospeech.utils][INFO] - step:  840/1874, loss: 1.587167, cer: 0.77, elapsed: 34.69s 22.50m 2.70h, lr: 0.000100
[2021-03-13 22:38:37,119][kospeech.utils][INFO] - step:  860/1874, loss: 1.386300, cer: 0.77, elapsed: 32.86s 23.05m 2.71h, lr: 0.000100
[2021-03-13 22:39:08,560][kospeech.utils][INFO] - step:  880/1874, loss: 1.589561, cer: 0.77, elapsed: 31.44s 23.57m 2.72h, lr: 0.000100
[2021-03-13 22:39:38,805][kospeech.utils][INFO] - step:  900/1874, loss: 2.140149, cer: 0.77, elapsed: 30.25s 24.07m 2.72h, lr: 0.000100
[2021-03-13 22:40:09,580][kospeech.utils][INFO] - step:  920/1874, loss: 1.794233, cer: 0.77, elapsed: 30.77s 24.59m 2.73h, lr: 0.000100
[2021-03-13 22:40:41,756][kospeech.utils][INFO] - step:  940/1874, loss: 1.782246, cer: 0.77, elapsed: 32.17s 25.12m 2.74h, lr: 0.000100
[2021-03-13 22:41:13,633][kospeech.utils][INFO] - step:  960/1874, loss: 1.696274, cer: 0.77, elapsed: 31.88s 25.65m 2.75h, lr: 0.000100
[2021-03-13 22:41:46,429][kospeech.utils][INFO] - step:  980/1874, loss: 1.549221, cer: 0.77, elapsed: 32.80s 26.20m 2.76h, lr: 0.000100
[2021-03-13 22:42:19,497][kospeech.utils][INFO] - step: 1000/1874, loss: 1.842812, cer: 0.77, elapsed: 33.07s 26.75m 2.77h, lr: 0.000100
[2021-03-13 22:42:52,100][kospeech.utils][INFO] - step: 1020/1874, loss: 1.846776, cer: 0.77, elapsed: 32.60s 27.30m 2.78h, lr: 0.000100
[2021-03-13 22:43:24,606][kospeech.utils][INFO] - step: 1040/1874, loss: 1.483662, cer: 0.76, elapsed: 32.50s 27.84m 2.79h, lr: 0.000100
[2021-03-13 22:43:57,091][kospeech.utils][INFO] - step: 1060/1874, loss: 1.454174, cer: 0.76, elapsed: 32.48s 28.38m 2.80h, lr: 0.000100
[2021-03-13 22:44:29,123][kospeech.utils][INFO] - step: 1080/1874, loss: 1.518738, cer: 0.76, elapsed: 32.03s 28.91m 2.80h, lr: 0.000100
[2021-03-13 22:45:02,237][kospeech.utils][INFO] - step: 1100/1874, loss: 1.451933, cer: 0.76, elapsed: 33.11s 29.46m 2.81h, lr: 0.000100
[2021-03-13 22:45:34,847][kospeech.utils][INFO] - step: 1120/1874, loss: 1.493504, cer: 0.76, elapsed: 32.61s 30.01m 2.82h, lr: 0.000100
[2021-03-13 22:46:10,201][kospeech.utils][INFO] - step: 1140/1874, loss: 1.433470, cer: 0.76, elapsed: 35.35s 30.60m 2.83h, lr: 0.000100
[2021-03-13 22:46:42,651][kospeech.utils][INFO] - step: 1160/1874, loss: 1.493813, cer: 0.76, elapsed: 32.45s 31.14m 2.84h, lr: 0.000100
[2021-03-13 22:47:15,977][kospeech.utils][INFO] - step: 1180/1874, loss: 1.681543, cer: 0.76, elapsed: 33.33s 31.69m 2.85h, lr: 0.000100
[2021-03-13 22:47:47,466][kospeech.utils][INFO] - step: 1200/1874, loss: 1.332499, cer: 0.76, elapsed: 31.49s 32.22m 2.86h, lr: 0.000100
[2021-03-13 22:48:17,950][kospeech.utils][INFO] - step: 1220/1874, loss: 1.447978, cer: 0.76, elapsed: 30.48s 32.73m 2.87h, lr: 0.000100
[2021-03-13 22:48:50,686][kospeech.utils][INFO] - step: 1240/1874, loss: 1.508262, cer: 0.76, elapsed: 32.74s 33.27m 2.88h, lr: 0.000100
[2021-03-13 22:49:24,182][kospeech.utils][INFO] - step: 1260/1874, loss: 1.908456, cer: 0.76, elapsed: 33.49s 33.83m 2.89h, lr: 0.000100
[2021-03-13 22:49:56,681][kospeech.utils][INFO] - step: 1280/1874, loss: 1.563020, cer: 0.76, elapsed: 32.50s 34.37m 2.90h, lr: 0.000100
[2021-03-13 22:50:29,971][kospeech.utils][INFO] - step: 1300/1874, loss: 1.506652, cer: 0.76, elapsed: 33.29s 34.93m 2.91h, lr: 0.000100
[2021-03-13 22:51:01,935][kospeech.utils][INFO] - step: 1320/1874, loss: 1.636015, cer: 0.75, elapsed: 31.96s 35.46m 2.91h, lr: 0.000100
[2021-03-13 22:51:34,826][kospeech.utils][INFO] - step: 1340/1874, loss: 1.601652, cer: 0.75, elapsed: 32.89s 36.01m 2.92h, lr: 0.000100
[2021-03-13 22:52:03,358][kospeech.utils][INFO] - step: 1360/1874, loss: 1.757390, cer: 0.75, elapsed: 28.53s 36.48m 2.93h, lr: 0.000100
[2021-03-13 22:52:36,267][kospeech.utils][INFO] - step: 1380/1874, loss: 1.690896, cer: 0.75, elapsed: 32.91s 37.03m 2.94h, lr: 0.000100
[2021-03-13 22:53:08,204][kospeech.utils][INFO] - step: 1400/1874, loss: 1.496666, cer: 0.75, elapsed: 31.94s 37.56m 2.95h, lr: 0.000100
[2021-03-13 22:53:37,623][kospeech.utils][INFO] - step: 1420/1874, loss: 1.720593, cer: 0.75, elapsed: 29.42s 38.05m 2.96h, lr: 0.000100
[2021-03-13 22:54:11,772][kospeech.utils][INFO] - step: 1440/1874, loss: 1.535071, cer: 0.75, elapsed: 34.15s 38.62m 2.97h, lr: 0.000100
[2021-03-13 22:54:46,259][kospeech.utils][INFO] - step: 1460/1874, loss: 1.650175, cer: 0.75, elapsed: 34.49s 39.20m 2.98h, lr: 0.000100
[2021-03-13 22:55:18,822][kospeech.utils][INFO] - step: 1480/1874, loss: 1.517713, cer: 0.75, elapsed: 32.56s 39.74m 2.99h, lr: 0.000100
[2021-03-13 22:55:53,578][kospeech.utils][INFO] - step: 1500/1874, loss: 1.572010, cer: 0.75, elapsed: 34.76s 40.32m 3.00h, lr: 0.000100
[2021-03-13 22:56:26,693][kospeech.utils][INFO] - step: 1520/1874, loss: 1.534839, cer: 0.75, elapsed: 33.11s 40.87m 3.00h, lr: 0.000100
[2021-03-13 22:56:56,432][kospeech.utils][INFO] - step: 1540/1874, loss: 1.517517, cer: 0.75, elapsed: 29.74s 41.37m 3.01h, lr: 0.000100
[2021-03-13 22:57:28,133][kospeech.utils][INFO] - step: 1560/1874, loss: 1.469618, cer: 0.75, elapsed: 31.70s 41.90m 3.02h, lr: 0.000100
[2021-03-13 22:57:59,210][kospeech.utils][INFO] - step: 1580/1874, loss: 1.391670, cer: 0.75, elapsed: 31.08s 42.41m 3.03h, lr: 0.000100
[2021-03-13 22:58:31,787][kospeech.utils][INFO] - step: 1600/1874, loss: 1.645483, cer: 0.75, elapsed: 32.58s 42.96m 3.04h, lr: 0.000100
[2021-03-13 22:59:06,137][kospeech.utils][INFO] - step: 1620/1874, loss: 1.417858, cer: 0.75, elapsed: 34.35s 43.53m 3.05h, lr: 0.000100
[2021-03-13 22:59:38,444][kospeech.utils][INFO] - step: 1640/1874, loss: 1.294874, cer: 0.74, elapsed: 32.31s 44.07m 3.06h, lr: 0.000100
[2021-03-13 23:00:09,070][kospeech.utils][INFO] - step: 1660/1874, loss: 1.664931, cer: 0.74, elapsed: 30.63s 44.58m 3.07h, lr: 0.000100
[2021-03-13 23:00:42,193][kospeech.utils][INFO] - step: 1680/1874, loss: 1.577841, cer: 0.74, elapsed: 33.12s 45.13m 3.08h, lr: 0.000100
[2021-03-13 23:01:15,127][kospeech.utils][INFO] - step: 1700/1874, loss: 1.555342, cer: 0.74, elapsed: 32.93s 45.68m 3.08h, lr: 0.000100
[2021-03-13 23:01:45,179][kospeech.utils][INFO] - step: 1720/1874, loss: 1.726117, cer: 0.74, elapsed: 30.05s 46.18m 3.09h, lr: 0.000100
[2021-03-13 23:02:16,265][kospeech.utils][INFO] - step: 1740/1874, loss: 1.617958, cer: 0.74, elapsed: 31.09s 46.70m 3.10h, lr: 0.000100
[2021-03-13 23:02:49,640][kospeech.utils][INFO] - step: 1760/1874, loss: 1.468828, cer: 0.74, elapsed: 33.37s 47.25m 3.11h, lr: 0.000100
[2021-03-13 23:03:21,622][kospeech.utils][INFO] - step: 1780/1874, loss: 1.649359, cer: 0.74, elapsed: 31.98s 47.79m 3.12h, lr: 0.000100
[2021-03-13 23:03:55,533][kospeech.utils][INFO] - step: 1800/1874, loss: 1.620937, cer: 0.74, elapsed: 33.91s 48.35m 3.13h, lr: 0.000100
[2021-03-13 23:04:28,655][kospeech.utils][INFO] - step: 1820/1874, loss: 1.524318, cer: 0.74, elapsed: 33.12s 48.91m 3.14h, lr: 0.000100
[2021-03-13 23:04:59,311][kospeech.utils][INFO] - step: 1840/1874, loss: 1.549715, cer: 0.74, elapsed: 30.65s 49.42m 3.15h, lr: 0.000100
[2021-03-13 23:05:33,391][kospeech.utils][INFO] - step: 1860/1874, loss: 1.591157, cer: 0.74, elapsed: 34.08s 49.98m 3.16h, lr: 0.000100
[2021-03-13 23:06:02,481][kospeech.utils][INFO] - save checkpoints
/content/drive/My Drive/projectk/project-3epoch-spect/KoSpeech/outputs/2021-03-13/19-56-06/2021_03_13_23_05_58-trainer_states.pt
/content/drive/My Drive/projectk/project-3epoch-spect/KoSpeech/outputs/2021-03-13/19-56-06/2021_03_13_23_05_58-model.pt
[2021-03-13 23:06:02,482][kospeech.utils][INFO] - train() completed
[2021-03-13 23:06:07,535][kospeech.utils][INFO] - save checkpoints
/content/drive/My Drive/projectk/project-3epoch-spect/KoSpeech/outputs/2021-03-13/19-56-06/2021_03_13_23_06_02-trainer_states.pt
/content/drive/My Drive/projectk/project-3epoch-spect/KoSpeech/outputs/2021-03-13/19-56-06/2021_03_13_23_06_02-model.pt
[2021-03-13 23:06:07,535][kospeech.utils][INFO] - Epoch 2 (Training) Loss 0.0001 CER 0.7374
[2021-03-13 23:06:07,536][kospeech.utils][INFO] - validate() start
[2021-03-13 23:06:52,946][kospeech.utils][INFO] - validate() completed
[2021-03-13 23:06:52,947][kospeech.utils][INFO] - Epoch 2 CER 0.7349
[2021-03-13 23:06:52,956][kospeech.utils][INFO] - Epoch 2 Training result saved as a csv file complete !!
